build/app/outputs/mapping/release/seeds.txt
com.example.betdofeappnew.MainActivity
com.example.betdofeappnew.MainActivity: MainActivity()
...
com.google.android.play.core.integrity.bl: com.google.android.play.integrity.internal.s d
com.google.android.gms.internal.firebase-auth-api.zzpt: java.util.Map zza
com.google.android.recaptcha.internal.zzle: int zza
com.google.android.gms.internal.auth.zzhj: boolean zzd
com.google.android.play.core.integrity.bp: com.google.android.play.integrity.internal.an a
com.google.android.gms.internal.firebase-auth-api.zzajo: boolean zzc
com.google.android.gms.internal.firebase-auth-api.zzsm: com.google.android.gms.internal.firebase-auth-api.zzsm zzc
com.google.android.recaptcha.internal.zzdt: com.google.android.recaptcha.internal.zzbi zzi
com.google.android.recaptcha.internal.zzdr: com.google.android.recaptcha.internal.zzdt zzb
com.google.android.gms.internal.firebase-auth-api.zzit: com.google.android.gms.internal.firebase-auth-api.zzit$zza zzb
com.google.android.recaptcha.RecaptchaAction: com.google.android.recaptcha.RecaptchaAction SIGNUP
com.google.android.gms.internal.firebase-auth-api.zzaek: java.lang.String zza
kotlin.jvm.internal.FunctionReference: int flags
com.google.android.gms.internal.auth-api.zbao: com.google.android.gms.tasks.TaskCompletionSource zba
com.google.android.play.core.integrity.af: byte[] a
com.google.android.gms.internal.firebase-auth-api.zzahn: java.lang.String zza
com.google.android.play.core.integrity.IntegrityServiceException: java.lang.Throwable a
com.google.android.recaptcha.internal.zzsr: int zzh
com.google.android.gms.internal.firebase-auth-api.zzyh: com.google.android.gms.internal.firebase-auth-api.zzmv zza
com.google.android.recaptcha.internal.zzpw: com.google.android.recaptcha.internal.zzpw zze
com.google.android.gms.internal.auth.zzab: com.google.android.gms.common.api.Api$ClientKey zza
com.google.android.gms.internal.firebase-auth-api.zzac: boolean zzc
com.google.android.gms.internal.firebase-auth-api.zzxw: int zzh
com.google.android.gms.internal.firebase-auth-api.zzahm: java.lang.String zzf
com.google.android.gms.internal.auth.zzht: com.google.android.gms.internal.auth.zzdj zzb
com.google.android.gms.internal.fido.zzcg: java.lang.Character zzc
com.google.android.gms.internal.firebase-auth-api.zzkf: com.google.android.gms.internal.firebase-auth-api.zzzn zzb
com.google.firestore.v1.BatchGetDocumentsResponse: int READ_TIME_FIELD_NUMBER
com.google.android.gms.internal.auth.zzdv: com.google.android.gms.internal.auth.zzdv zza
com.google.android.gms.internal.fido.zzcq: int zzb
com.google.android.recaptcha.internal.zzrv: com.google.android.recaptcha.internal.zzrt zzg
com.google.android.play.core.integrity.bs: long c
com.google.android.recaptcha.internal.zzmt: boolean zzd
com.google.firestore.v1.TargetChange: int RESUME_TOKEN_FIELD_NUMBER
com.google.android.recaptcha.internal.zzqz: int zze
com.google.android.recaptcha.internal.zzjy: com.google.android.recaptcha.internal.zzjw zza
com.google.android.gms.auth.api.identity.SignInCredential: android.os.Parcelable$Creator CREATOR
com.google.android.gms.internal.firebase-auth-api.zzea: int zza
com.google.android.recaptcha.internal.zzmt: boolean zzc
com.google.android.gms.internal.firebase-auth-api.zzdt: com.google.android.gms.internal.firebase-auth-api.zzea zza
com.google.android.gms.internal.firebase-auth-api.zzmp: java.lang.String zzb
com.google.android.recaptcha.internal.zzmx: com.google.android.recaptcha.internal.zznd zzb
com.google.android.gms.internal.auth-api-phone.zzc: java.lang.ClassLoader zza
com.google.android.gms.dynamite.DynamiteModule$DynamiteLoaderClassLoader: java.lang.ClassLoader sClassLoader
com.google.android.gms.internal.firebase-auth-api.zzagg: java.lang.String zze
com.google.android.recaptcha.internal.zzat: com.google.android.recaptcha.internal.zzat zza
com.google.android.gms.internal.firebase-auth-api.zzaby: java.lang.String zzv
com.google.android.recaptcha.internal.zzba: com.google.android.recaptcha.internal.zzba zzaz
com.google.android.gms.internal.fido.zzbg: java.util.Comparator zzc