build/app/outputs/mapping/release/usage.txt
com.example.betdofeappnew.R$drawable
com.example.betdofeappnew.R$mipmap
com.example.betdofeappnew.R$string
com.example.betdofeappnew.R$style
com.example.betdofeappnew.R
...
kotlin.reflect.KProperty0:
    public abstract java.lang.Object getDelegate()
    public abstract kotlin.reflect.KProperty0$Getter getGetter()
kotlin.reflect.KProperty1$DefaultImpls
kotlin.reflect.KProperty1$Getter
kotlin.reflect.KProperty1:
    public abstract java.lang.Object getDelegate(java.lang.Object)
    public abstract kotlin.reflect.KProperty1$Getter getGetter()
kotlin.reflect.KProperty2$DefaultImpls
kotlin.reflect.KProperty2$Getter
kotlin.reflect.KProperty2
kotlin.reflect.KProperty:
    public abstract kotlin.reflect.KProperty$Getter getGetter()
    public abstract boolean isConst()
    public abstract boolean isLateinit()
kotlin.reflect.KType$DefaultImpls
kotlin.reflect.KType:
    public abstract java.util.List getArguments()
    public abstract kotlin.reflect.KClassifier getClassifier()
    public abstract boolean isMarkedNullable()
kotlin.reflect.KTypeParameter
kotlin.reflect.KTypeProjection$Companion
kotlin.reflect.KTypeProjection$WhenMappings
kotlin.reflect.KTypeProjection
kotlin.reflect.KVariance
kotlin.reflect.KVisibility:
    public static kotlin.enums.EnumEntries getEntries()
kotlin.reflect.ParameterizedTypeImpl$getTypeName$1$1
kotlin.reflect.ParameterizedTypeImpl
kotlin.reflect.TypeImpl
kotlin.reflect.TypeOfKt
kotlin.reflect.TypeVariableImpl
kotlin.reflect.TypesJVMKt$WhenMappings
kotlin.reflect.TypesJVMKt$typeToString$unwrap$1
kotlin.reflect.TypesJVMKt
kotlin.reflect.WildcardTypeImpl$Companion
kotlin.reflect.WildcardTypeImpl
kotlin.sequences.DistinctIterator
kotlin.sequences.DistinctSequence
kotlin.sequences.DropSequence$iterator$1
kotlin.sequences.DropSequence
kotlin.sequences.DropTakeSequence
kotlin.sequences.DropWhileSequence$iterator$1
kotlin.sequences.DropWhileSequence
kotlin.sequences.EmptySequence
kotlin.sequences.FilteringSequence$iterator$1
kotlin.sequences.FilteringSequence
kotlin.sequences.FlatteningSequence$iterator$1
kotlin.sequences.FlatteningSequence
kotlin.sequences.GeneratorSequence$iterator$1
kotlin.sequences.GeneratorSequence
kotlin.sequences.IndexingSequence$iterator$1
kotlin.sequences.IndexingSequence
kotlin.sequences.MergingSequence$iterator$1
kotlin.sequences.MergingSequence
kotlin.sequences.SequenceBuilderIterator:
    public final kotlin.coroutines.Continuation getNextStep()
    public java.lang.Object yieldAll(java.util.Iterator,kotlin.coroutines.Continuation)
kotlin.sequences.SequenceScope:
    public final java.lang.Object yieldAll(java.lang.Iterable,kotlin.coroutines.Continuation)
    public abstract java.lang.Object yieldAll(java.util.Iterator,kotlin.coroutines.Continuation)
    public final java.lang.Object yieldAll(kotlin.sequences.Sequence,kotlin.coroutines.Continuation)
kotlin.sequences.SequencesKt:
    private void <init>()
kotlin.sequences.SequencesKt__SequenceBuilderKt:
    private static final int State_Done
    private static final int State_Failed
    private static final int State_ManyNotReady
    private static final int State_ManyReady
    private static final int State_NotReady
    private static final int State_Ready
    public void <init>()
kotlin.sequences.SequencesKt__SequencesJVMKt:
    public void <init>()
    private static final kotlin.sequences.Sequence asSequence(java.util.Enumeration)
kotlin.sequences.SequencesKt__SequencesKt$Sequence$1
kotlin.sequences.SequencesKt__SequencesKt$flatMapIndexed$1
kotlin.sequences.SequencesKt__SequencesKt$flatten$1
kotlin.sequences.SequencesKt__SequencesKt$flatten$2
kotlin.sequences.SequencesKt__SequencesKt$flatten$3
kotlin.sequences.SequencesKt__SequencesKt$generateSequence$1
kotlin.sequences.SequencesKt__SequencesKt$generateSequence$2
kotlin.sequences.SequencesKt__SequencesKt$ifEmpty$1
kotlin.sequences.SequencesKt__SequencesKt$shuffled$1